<?xml version="1.0" encoding="UTF-8"?>
<testng-results skipped="0" failed="0" ignored="0" total="1" passed="1">
  <reporter-output>
  </reporter-output>
  <suite name="Suite" duration-ms="86401" started-at="2020-12-22T16:02:35 AEDT" finished-at="2020-12-22T16:04:02 AEDT">
    <groups>
    </groups>
    <test name="Test" duration-ms="86401" started-at="2020-12-22T16:02:35 AEDT" finished-at="2020-12-22T16:04:02 AEDT">
      <class name="com.au.byteUX.Test.Package.UX_MyAuthorisation_Smoke_Bee_Test">
        <test-method status="PASS" signature="verifyMyAuthTabClick()[pri:0, instance:com.au.byteUX.Test.Package.UX_MyAuthorisation_Smoke_Bee_Test@76b0bfab]" name="verifyMyAuthTabClick" duration-ms="86332" started-at="2020-12-22T16:02:35 AEDT" finished-at="2020-12-22T16:04:02 AEDT">
          <reporter-output>
          </reporter-output>
        </test-method> <!-- verifyMyAuthTabClick -->
      </class> <!-- com.au.byteUX.Test.Package.UX_MyAuthorisation_Smoke_Bee_Test -->
    </test> <!-- Test -->
  </suite> <!-- Suite -->
</testng-results>
