<?xml version="1.0" encoding="UTF-8"?>
<testng-results ignored="0" total="3" passed="0" failed="3" skipped="0">
  <reporter-output>
  </reporter-output>
  <suite started-at="2020-11-26T05:39:27Z" name="Suite" finished-at="2020-11-26T05:40:42Z" duration-ms="75699">
    <groups>
    </groups>
    <test started-at="2020-11-26T05:39:27Z" name="Test" finished-at="2020-11-26T05:40:42Z" duration-ms="75699">
      <class name="com.au.byteUX.Test.Package.UX_BeekeeperRegressionTestCasesTestRail">
        <test-method signature="addHiveLocationAddress()[pri:0, instance:com.au.byteUX.Test.Package.UX_BeekeeperRegressionTestCasesTestRail@449a4f23]" started-at="2020-11-26T05:39:27Z" name="addHiveLocationAddress" finished-at="2020-11-26T05:40:42Z" duration-ms="75650" status="FAIL">
          <exception class="java.lang.NoClassDefFoundError">
            <message>
              <![CDATA[junit/framework/Assert]]>
            </message>
            <full-stacktrace>
              <![CDATA[java.lang.NoClassDefFoundError: junit/framework/Assert
at com.au.byteUX.Test.Package.UX_BeekeeperRegressionTestCasesTestRail.addHiveLocationAddress(UX_BeekeeperRegressionTestCasesTestRail.java:207)
at java.base/jdk.internal.reflect.NativeMethodAccessorImpl.invoke0(Native Method)
at java.base/jdk.internal.reflect.NativeMethodAccessorImpl.invoke(NativeMethodAccessorImpl.java:64)
at java.base/jdk.internal.reflect.DelegatingMethodAccessorImpl.invoke(DelegatingMethodAccessorImpl.java:43)
at java.base/java.lang.reflect.Method.invoke(Method.java:564)
at org.testng.internal.MethodInvocationHelper.invokeMethod(MethodInvocationHelper.java:124)
at org.testng.internal.Invoker.invokeMethod(Invoker.java:583)
at org.testng.internal.Invoker.invokeTestMethod(Invoker.java:719)
at org.testng.internal.Invoker.invokeTestMethods(Invoker.java:989)
at org.testng.internal.TestMethodWorker.invokeTestMethods(TestMethodWorker.java:125)
at org.testng.internal.TestMethodWorker.run(TestMethodWorker.java:109)
at java.base/java.util.concurrent.ThreadPoolExecutor.runWorker(ThreadPoolExecutor.java:1130)
at java.base/java.util.concurrent.ThreadPoolExecutor$Worker.run(ThreadPoolExecutor.java:630)
at java.base/java.lang.Thread.run(Thread.java:832)
]]>
            </full-stacktrace>
          </exception> <!-- java.lang.NoClassDefFoundError -->
          <reporter-output>
          </reporter-output>
        </test-method> <!-- addHiveLocationAddress -->
        <test-method signature="UpdateAccountDetailsAndPrimaryLocation()[pri:0, instance:com.au.byteUX.Test.Package.UX_BeekeeperRegressionTestCasesTestRail@449a4f23]" started-at="2020-11-26T05:39:27Z" name="UpdateAccountDetailsAndPrimaryLocation" finished-at="2020-11-26T05:40:31Z" duration-ms="64871" status="FAIL">
          <exception class="java.lang.NoClassDefFoundError">
            <message>
              <![CDATA[junit/framework/Assert]]>
            </message>
            <full-stacktrace>
              <![CDATA[java.lang.NoClassDefFoundError: junit/framework/Assert
at com.au.byteUX.Test.Package.UX_BeekeeperRegressionTestCasesTestRail.UpdateAccountDetailsAndPrimaryLocation(UX_BeekeeperRegressionTestCasesTestRail.java:104)
at java.base/jdk.internal.reflect.NativeMethodAccessorImpl.invoke0(Native Method)
at java.base/jdk.internal.reflect.NativeMethodAccessorImpl.invoke(NativeMethodAccessorImpl.java:64)
at java.base/jdk.internal.reflect.DelegatingMethodAccessorImpl.invoke(DelegatingMethodAccessorImpl.java:43)
at java.base/java.lang.reflect.Method.invoke(Method.java:564)
at org.testng.internal.MethodInvocationHelper.invokeMethod(MethodInvocationHelper.java:124)
at org.testng.internal.Invoker.invokeMethod(Invoker.java:583)
at org.testng.internal.Invoker.invokeTestMethod(Invoker.java:719)
at org.testng.internal.Invoker.invokeTestMethods(Invoker.java:989)
at org.testng.internal.TestMethodWorker.invokeTestMethods(TestMethodWorker.java:125)
at org.testng.internal.TestMethodWorker.run(TestMethodWorker.java:109)
at java.base/java.util.concurrent.ThreadPoolExecutor.runWorker(ThreadPoolExecutor.java:1130)
at java.base/java.util.concurrent.ThreadPoolExecutor$Worker.run(ThreadPoolExecutor.java:630)
at java.base/java.lang.Thread.run(Thread.java:832)
Caused by: java.lang.ClassNotFoundException: junit.framework.Assert
at java.base/jdk.internal.loader.BuiltinClassLoader.loadClass(BuiltinClassLoader.java:606)
at java.base/jdk.internal.loader.ClassLoaders$AppClassLoader.loadClass(ClassLoaders.java:168)
at java.base/java.lang.ClassLoader.loadClass(ClassLoader.java:522)
... 14 more
]]>
            </full-stacktrace>
          </exception> <!-- java.lang.NoClassDefFoundError -->
          <reporter-output>
          </reporter-output>
        </test-method> <!-- UpdateAccountDetailsAndPrimaryLocation -->
        <test-method signature="addHiveBrand()[pri:0, instance:com.au.byteUX.Test.Package.UX_BeekeeperRegressionTestCasesTestRail@449a4f23]" started-at="2020-11-26T05:39:27Z" name="addHiveBrand" finished-at="2020-11-26T05:40:42Z" duration-ms="75206" status="FAIL">
          <exception class="java.lang.NoClassDefFoundError">
            <message>
              <![CDATA[junit/framework/Assert]]>
            </message>
            <full-stacktrace>
              <![CDATA[java.lang.NoClassDefFoundError: junit/framework/Assert
at com.au.byteUX.Test.Package.UX_BeekeeperRegressionTestCasesTestRail.addHiveBrand(UX_BeekeeperRegressionTestCasesTestRail.java:300)
at java.base/jdk.internal.reflect.NativeMethodAccessorImpl.invoke0(Native Method)
at java.base/jdk.internal.reflect.NativeMethodAccessorImpl.invoke(NativeMethodAccessorImpl.java:64)
at java.base/jdk.internal.reflect.DelegatingMethodAccessorImpl.invoke(DelegatingMethodAccessorImpl.java:43)
at java.base/java.lang.reflect.Method.invoke(Method.java:564)
at org.testng.internal.MethodInvocationHelper.invokeMethod(MethodInvocationHelper.java:124)
at org.testng.internal.Invoker.invokeMethod(Invoker.java:583)
at org.testng.internal.Invoker.invokeTestMethod(Invoker.java:719)
at org.testng.internal.Invoker.invokeTestMethods(Invoker.java:989)
at org.testng.internal.TestMethodWorker.invokeTestMethods(TestMethodWorker.java:125)
at org.testng.internal.TestMethodWorker.run(TestMethodWorker.java:109)
at java.base/java.util.concurrent.ThreadPoolExecutor.runWorker(ThreadPoolExecutor.java:1130)
at java.base/java.util.concurrent.ThreadPoolExecutor$Worker.run(ThreadPoolExecutor.java:630)
at java.base/java.lang.Thread.run(Thread.java:832)
]]>
            </full-stacktrace>
          </exception> <!-- java.lang.NoClassDefFoundError -->
          <reporter-output>
          </reporter-output>
        </test-method> <!-- addHiveBrand -->
      </class> <!-- com.au.byteUX.Test.Package.UX_BeekeeperRegressionTestCasesTestRail -->
    </test> <!-- Test -->
  </suite> <!-- Suite -->
</testng-results>
