<?xml version="1.0" encoding="UTF-8"?>
<!-- Generated by org.testng.reporters.JUnitXMLReporter -->
<testsuite hostname="BFS-CA645327-N" ignored="0" name="Test" tests="3" failures="2" timestamp="2020-11-26T16:46:30 AEDT" time="108.916" errors="0">
  <testcase name="UpdateAccountDetailsAndPrimaryLocation" time="51.885" classname="com.au.byteUX.Test.Package.UX_BeekeeperRegressionTestCasesTestRail">
    <failure type="junit.framework.AssertionFailedError" message="UpdateAccountDetailsAndPrimaryLocation Exception">
      <![CDATA[junit.framework.AssertionFailedError: UpdateAccountDetailsAndPrimaryLocation Exception
at junit.framework.Assert.fail(Assert.java:47)
at com.au.byteUX.Test.Package.UX_BeekeeperRegressionTestCasesTestRail.UpdateAccountDetailsAndPrimaryLocation(UX_BeekeeperRegressionTestCasesTestRail.java:104)
at java.util.concurrent.ThreadPoolExecutor.runWorker(Unknown Source)
at java.util.concurrent.ThreadPoolExecutor$Worker.run(Unknown Source)
at java.lang.Thread.run(Unknown Source)
... Removed 12 stack frames]]>
    </failure>
  </testcase> <!-- UpdateAccountDetailsAndPrimaryLocation -->
  <testcase name="addHiveBrand" time="97.221" classname="com.au.byteUX.Test.Package.UX_BeekeeperRegressionTestCasesTestRail">
    <failure type="junit.framework.AssertionFailedError" message="Add Hive Brand Exception">
      <![CDATA[junit.framework.AssertionFailedError: Add Hive Brand Exception
at junit.framework.Assert.fail(Assert.java:47)
at com.au.byteUX.Test.Package.UX_BeekeeperRegressionTestCasesTestRail.addHiveBrand(UX_BeekeeperRegressionTestCasesTestRail.java:300)
at java.util.concurrent.ThreadPoolExecutor.runWorker(Unknown Source)
at java.util.concurrent.ThreadPoolExecutor$Worker.run(Unknown Source)
at java.lang.Thread.run(Unknown Source)
... Removed 12 stack frames]]>
    </failure>
  </testcase> <!-- addHiveBrand -->
  <testcase name="addHiveLocationAddress" time="108.834" classname="com.au.byteUX.Test.Package.UX_BeekeeperRegressionTestCasesTestRail"/>
</testsuite> <!-- Test -->
